1703174647189:add 1 2
1703174747830:eitc 1
1703174830820:tsu
1703174887982:getListAccount 1 2
1703174893056:qweqwe
1703174894269:qwe
1703174895600:asdasd
1703174940952:tt12
1703175036082:es1
1703175042017:et
1703175069240:st
1703175079287:test 1 2
1703175199108:test
1703175231441:sdf
1703175234348:test
1703175741853:dsf
1703175744691:test
1703175848865:getAccounts null
1703175963115:getAccounts
1703176019897:test
1703176423434:getAccounts
1703176464699:aseqwe
1703176465659:qwe
1703176466360:as
1703176517955:getTest
1703176546741:test
1703176633588:testBitch
1703176664201:testbitch
1703176797848:test_bitch
1703176800995:test-bitch
1703176871894:get-accounts
1703176878498:get_accounts
1703176917495:test
1703176998547:get-accounts
